2025-09-19 08:06:16,450 - db_helper_copy -INFO - fetch_expenses_between called for ('2024-08-01', '2024-08-10')
2025-09-19 08:07:33,702 - db_helper_copy -INFO - fetchall_records called
2025-09-19 08:15:30,360 - db_helper_copy -INFO - fetchall_records called
2025-09-19 08:15:37,773 - db_helper_copy -INFO - fetchall_records called
2025-09-19 08:15:44,527 - db_helper_copy -INFO - fetchall_records called
2025-09-19 08:17:49,235 - db_helper_copy -INFO - fetchall_records called
2025-09-19 08:38:27,385 - db_helper_copy -INFO - fetchall_records called
2025-09-19 08:39:52,310 - db_helper_copy -INFO - fetchall_records called
2025-09-19 16:17:59,157 - db_helper_copy -INFO - fetchall_records called
2025-09-19 17:28:12,619 - db_helper_copy -INFO - fetchall_records called
2025-09-19 17:28:43,150 - db_helper_copy -INFO - fetchall_records called
2025-09-19 17:29:44,363 - db_helper_copy -INFO - fetchall_records called
2025-09-19 17:29:55,560 - db_helper_copy -INFO - fetchall_records called
2025-09-19 18:14:36,966 - db_helper_copy -INFO - Analysis by month called
2025-09-19 18:15:51,077 - db_helper_copy -INFO - Analysis by month called
2025-09-19 18:16:07,540 - db_helper_copy -INFO - Analysis by month called
2025-09-19 18:17:06,559 - db_helper_copy -INFO - Analysis by month called
2025-09-19 18:17:26,134 - db_helper_copy -INFO - Analysis by month called
2025-09-19 18:21:20,959 - db_helper_copy -INFO - Analysis by month called
2025-09-19 18:24:54,305 - db_helper_copy -INFO - Analysis by month called
2025-09-19 22:16:18,788 - db_helper_copy -INFO - Analysis by month called
2025-09-19 22:17:07,458 - db_helper_copy -INFO - Analysis by month called
2025-09-19 22:17:45,135 - db_helper_copy -INFO - Analysis by month called
2025-09-19 22:17:56,768 - db_helper_copy -INFO - Analysis by month called
2025-09-19 22:18:41,771 - db_helper_copy -INFO - Analysis by month called
2025-09-19 22:24:55,848 - db_helper_copy -INFO - Analysis by month called
2025-09-19 22:25:57,318 - db_helper_copy -INFO - Analysis by month called
2025-09-19 22:26:14,541 - db_helper_copy -INFO - Analysis by month called
2025-09-19 22:27:28,648 - db_helper_copy -INFO - Analysis by month called
2025-09-19 22:27:46,734 - db_helper_copy -INFO - Analysis by month called
2025-09-19 22:36:43,784 - db_helper_copy -INFO - Analysis by month called
2025-09-19 22:36:57,534 - db_helper_copy -INFO - Analysis by month called
2025-09-19 22:39:42,889 - db_helper_copy -INFO - Analysis by month called
2025-09-19 22:39:58,471 - db_helper_copy -INFO - Analysis by month called
2025-09-19 22:40:15,425 - db_helper_copy -INFO - Analysis by month called
2025-09-19 22:43:33,118 - db_helper_copy -INFO - Analysis by month called
2025-09-19 22:43:45,937 - db_helper_copy -INFO - Analysis by month called
2025-09-19 22:45:50,149 - db_helper_copy -INFO - Analysis by month called
2025-09-19 22:51:40,510 - db_helper_copy -INFO - Analysis by month called
2025-09-19 22:55:19,428 - db_helper_copy -INFO - fetch_expenses_for_date called for 2024-08-01
2025-09-19 22:55:21,630 - db_helper_copy -INFO - Analysis by month called
2025-09-19 23:00:26,679 - db_helper_copy -INFO - fetch_expenses_for_date called for 2024-08-01
2025-09-19 23:00:28,838 - db_helper_copy -INFO - Analysis by month called
2025-09-19 23:00:49,454 - db_helper_copy -INFO - fetch_expenses_for_date called for 2024-08-01
2025-09-19 23:00:51,571 - db_helper_copy -INFO - Analysis by month called
2025-09-19 23:02:27,626 - db_helper_copy -INFO - fetch_expenses_for_date called for 2024-08-01
2025-09-19 23:02:29,777 - db_helper_copy -INFO - Analysis by month called
2025-09-19 23:07:56,987 - db_helper_copy -INFO - Analysis by month called
2025-09-19 23:08:15,808 - db_helper_copy -INFO - fetch_expenses_for_date called for 2024-08-01
2025-09-19 23:08:17,999 - db_helper_copy -INFO - Analysis by month called
2025-09-19 23:09:14,398 - db_helper_copy -INFO - Analysis by month called
2025-09-19 23:09:21,644 - db_helper_copy -INFO - fetch_expenses_for_date called for 2024-08-01
2025-09-19 23:09:23,923 - db_helper_copy -INFO - Analysis by month called
2025-09-19 23:14:17,396 - db_helper_copy -INFO - fetch_expenses_for_date called for 2025-09-19
2025-09-19 23:14:19,530 - db_helper_copy -INFO - Analysis by month called
2025-09-19 23:14:42,344 - db_helper_copy -INFO - fetch_expenses_for_date called for 2025-09-19
2025-09-19 23:14:44,521 - db_helper_copy -INFO - delete_expense_for_date called for 2025-09-19
2025-09-19 23:14:44,585 - db_helper_copy -INFO - insert_expense called with (datetime.date(2025, 9, 19), 5000.0, 'Food', 'Fancy Dinner for two at ITC Grand Chola')
2025-09-19 23:14:44,690 - db_helper_copy -INFO - fetch_expenses_for_date called for 2025-09-19
2025-09-19 23:14:46,837 - db_helper_copy -INFO - Analysis by month called
2025-09-19 23:15:53,039 - db_helper_copy -INFO - fetch_expenses_for_date called for 2025-09-19
2025-09-19 23:15:55,207 - db_helper_copy -INFO - delete_expense_for_date called for 2025-09-19
2025-09-19 23:15:55,306 - db_helper_copy -INFO - insert_expense called with (datetime.date(2025, 9, 19), 5000.0, 'Food', 'Fancy Dinner for two at ITC Grand Chola')
2025-09-19 23:15:55,404 - db_helper_copy -INFO - fetch_expenses_for_date called for 2025-09-19
2025-09-19 23:15:55,499 - db_helper_copy -INFO - insert_expense called with (datetime.date(2025, 9, 19), 900.0, 'Transport', 'Cab Fare')
2025-09-19 23:15:55,591 - db_helper_copy -INFO - fetch_expenses_for_date called for 2025-09-19
2025-09-19 23:15:55,670 - db_helper_copy -INFO - insert_expense called with (datetime.date(2025, 9, 19), 5000.0, 'Shopping', 'Suit for the day')
2025-09-19 23:15:55,773 - db_helper_copy -INFO - fetch_expenses_for_date called for 2025-09-19
2025-09-19 23:15:55,857 - db_helper_copy -INFO - insert_expense called with (datetime.date(2025, 9, 19), 1200.0, 'Entertainment', 'went to a movie')
2025-09-19 23:15:55,967 - db_helper_copy -INFO - fetch_expenses_for_date called for 2025-09-19
2025-09-19 23:15:58,116 - db_helper_copy -INFO - Analysis by month called
2025-09-19 23:16:12,472 - db_helper_copy -INFO - fetch_expenses_for_date called for 2025-09-19
2025-09-19 23:16:14,236 - db_helper_copy -INFO - fetch_expenses_for_date called for 2025-09-19
2025-09-19 23:16:16,352 - db_helper_copy -INFO - fetch_expenses_between called for (datetime.date(2024, 8, 1), datetime.date(2025, 9, 30))
2025-09-19 23:16:18,466 - db_helper_copy -INFO - Analysis by month called
